<?xml version="1.0" encoding="UTF-8"?>
<!-- Generated by org.testng.reporters.JUnitReportReporter -->
<testsuite skipped="0" hostname="LAPTOP-12U37SRA" name="com.lambdatest.AssertionTest" tests="1" failures="0" timestamp="15 Feb 2021 16:58:55 GMT" time="73.463" errors="0">
  <testcase name="testAssertion" time="73.463" classname="com.lambdatest.AssertionTest"/>
</testsuite> <!-- com.lambdatest.AssertionTest -->
